<?xml version="1.0" encoding="UTF-8"?>
<!-- Generated by org.testng.reporters.JUnitReportReporter -->
<testsuite hostname="DESKTOP-ERM4RAO" failures="0" tests="1" name="runner.CucumberRunnerCreateAccount" time="15.629" errors="0" timestamp="2024-11-07T22:38:16 IST" skipped="0">
  <testcase classname="runner.CucumberRunnerCreateAccount" name="runScenario" time="15.629"/>
  <system-out/>
</testsuite> <!-- runner.CucumberRunnerCreateAccount -->
