<?xml version="1.0" encoding="UTF-8"?>
<!-- Generated by org.testng.reporters.JUnitReportReporter -->
<testsuite hostname="DESKTOP-ERM4RAO" failures="0" tests="1" name="runner.CucumberRunnerCreateAccount" time="32.180" errors="0" timestamp="2024-11-08T07:16:41 IST" skipped="0">
  <testcase classname="runner.CucumberRunnerCreateAccount" name="runScenario" time="32.180"/>
  <system-out/>
</testsuite> <!-- runner.CucumberRunnerCreateAccount -->
