<?xml version="1.0" encoding="UTF-8"?>
<!-- Generated by org.testng.reporters.JUnitReportReporter -->
<testsuite hostname="DESKTOP-ERM4RAO" failures="0" tests="1" name="runner.CucumberRunnerCreateAccountAndSignIn" time="39.930" errors="0" timestamp="2024-11-08T07:19:24 IST" skipped="0">
  <testcase classname="runner.CucumberRunnerCreateAccountAndSignIn" name="runScenario" time="39.930"/>
  <system-out/>
</testsuite> <!-- runner.CucumberRunnerCreateAccountAndSignIn -->
