<?xml version="1.0" encoding="UTF-8"?>
<!-- Generated by org.testng.reporters.JUnitReportReporter -->
<testsuite hostname="DESKTOP-ERM4RAO" failures="0" tests="1" name="runner.CucmberRunnerSignin" time="17.255" errors="0" timestamp="2024-11-07T23:02:55 IST" skipped="0">
  <testcase classname="runner.CucmberRunnerSignin" name="runScenario" time="17.255"/>
  <system-out/>
</testsuite> <!-- runner.CucmberRunnerSignin -->
