<?xml version="1.0" encoding="UTF-8"?>
<!-- Generated by org.testng.reporters.JUnitReportReporter -->
<testsuite hostname="DESKTOP-ERM4RAO" failures="0" tests="1" name="runner.CucumberRunnerCreateAccountAndSignIn" time="40.186" errors="0" timestamp="2024-11-13T12:40:17 IST" skipped="0">
  <testcase classname="runner.CucumberRunnerCreateAccountAndSignIn" name="runScenario" time="40.186"/>
  <system-out/>
</testsuite> <!-- runner.CucumberRunnerCreateAccountAndSignIn -->
